000 (164614.000.000) 2022-04-08 13:50:47 Job submitted from host: <131.227.81.72:9618?addrs=131.227.81.72-9618&alias=condor.eps.surrey.ac.uk&noUDP&sock=schedd_2762_14ab>
...
040 (164614.000.000) 2022-04-08 13:50:57 Finished transferring input files
...
001 (164614.000.000) 2022-04-08 13:50:58 Job executing on host: <131.227.80.29:9618?addrs=131.227.80.29-9618&alias=elenwe.eps.surrey.ac.uk&noUDP&sock=startd_2141_205b>
...
006 (164614.000.000) 2022-04-08 13:51:06 Image size of job updated: 323384
	3  -  MemoryUsage of job (MB)
	2152  -  ResidentSetSize of job (KB)
...
006 (164614.000.000) 2022-04-08 13:56:07 Image size of job updated: 323384
	3  -  MemoryUsage of job (MB)
	2172  -  ResidentSetSize of job (KB)
...
006 (164614.000.000) 2022-04-08 13:57:55 Image size of job updated: 323384
	1331  -  MemoryUsage of job (MB)
	1363296  -  ResidentSetSize of job (KB)
...
004 (164614.000.000) 2022-04-08 13:57:55 Job was evicted.
	(0) CPU times
		Usr 0 00:04:44, Sys 0 00:00:13  -  Run Remote Usage
		Usr 0 00:00:00, Sys 0 00:00:00  -  Run Local Usage
	0  -  Run Bytes Sent By Job
	0  -  Run Bytes Received By Job
	Partitionable Resources :    Usage  Request Allocated Assigned
	   Cpus                 :     0.00        4         4 
	   Disk (KB)            :    31         125    133051 
	   Gpus (Average)       :                 1         1 "CUDA0"
	   Memory (MB)          :  1331        4096      4096 
...
009 (164614.000.000) 2022-04-08 13:57:55 Job was aborted.
...
