000 (164617.000.000) 2022-04-08 14:17:09 Job submitted from host: <131.227.81.72:9618?addrs=131.227.81.72-9618&alias=condor.eps.surrey.ac.uk&noUDP&sock=schedd_2762_14ab>
...
040 (164617.000.000) 2022-04-08 14:17:09 Finished transferring input files
...
001 (164617.000.000) 2022-04-08 14:17:10 Job executing on host: <131.227.80.29:9618?addrs=131.227.80.29-9618&alias=elenwe.eps.surrey.ac.uk&noUDP&sock=startd_2141_205b>
...
006 (164617.000.000) 2022-04-08 14:17:19 Image size of job updated: 323384
	3  -  MemoryUsage of job (MB)
	2148  -  ResidentSetSize of job (KB)
...
006 (164617.000.000) 2022-04-08 14:22:20 Image size of job updated: 323384
	3  -  MemoryUsage of job (MB)
	2176  -  ResidentSetSize of job (KB)
...
006 (164617.000.000) 2022-04-08 14:26:30 Image size of job updated: 323384
	1330  -  MemoryUsage of job (MB)
	1362936  -  ResidentSetSize of job (KB)
...
004 (164617.000.000) 2022-04-08 14:26:31 Job was evicted.
	(0) CPU times
		Usr 0 00:07:00, Sys 0 00:00:16  -  Run Remote Usage
		Usr 0 00:00:00, Sys 0 00:00:00  -  Run Local Usage
	0  -  Run Bytes Sent By Job
	0  -  Run Bytes Received By Job
	Partitionable Resources :    Usage  Request Allocated Assigned
	   Cpus                 :     0.00        4         4 
	   Disk (KB)            :    30         125    133051 
	   Gpus (Average)       :                 1         1 "CUDA0"
	   Memory (MB)          :  1330        4096      4096 
...
009 (164617.000.000) 2022-04-08 14:26:31 Job was aborted.
...
