000 (165613.004.000) 2022-05-04 11:50:20 Job submitted from host: <131.227.81.72:9618?addrs=131.227.81.72-9618&alias=condor.eps.surrey.ac.uk&noUDP&sock=schedd_2762_14ab>
...
040 (165613.004.000) 2022-05-04 12:23:29 Finished transferring input files
...
001 (165613.004.000) 2022-05-04 12:23:30 Job executing on host: <131.227.80.96:9618?addrs=131.227.80.96-9618&alias=cvsspgpu02.eps.surrey.ac.uk&noUDP&sock=startd_3837_70fa>
...
006 (165613.004.000) 2022-05-04 12:28:50 Image size of job updated: 4500
	2848  -  MemoryUsage of job (MB)
	2917340  -  ResidentSetSize of job (KB)
...
006 (165613.004.000) 2022-05-04 12:33:51 Image size of job updated: 4500
	2858  -  MemoryUsage of job (MB)
	2927156  -  ResidentSetSize of job (KB)
...
006 (165613.004.000) 2022-05-04 12:34:49 Image size of job updated: 4500
	2859  -  MemoryUsage of job (MB)
	2927856  -  ResidentSetSize of job (KB)
...
040 (165613.004.000) 2022-05-04 12:34:49 Started transferring output files
...
040 (165613.004.000) 2022-05-04 12:34:49 Finished transferring output files
...
005 (165613.004.000) 2022-05-04 12:34:50 Job terminated.
	(1) Normal termination (return value 0)
		Usr 0 00:07:56, Sys 0 00:00:42  -  Run Remote Usage
		Usr 0 00:00:00, Sys 0 00:00:00  -  Run Local Usage
		Usr 0 00:07:56, Sys 0 00:00:42  -  Total Remote Usage
		Usr 0 00:00:00, Sys 0 00:00:00  -  Total Local Usage
	120424  -  Run Bytes Sent By Job
	0  -  Run Bytes Received By Job
	120424  -  Total Bytes Sent By Job
	0  -  Total Bytes Received By Job
	Partitionable Resources :    Usage  Request Allocated Assigned
	   Cpus                 :     0.00        4         4 
	   Disk (KB)            :   512        4500    129588 
	   Gpus (Average)       :     0.01        1         1 "CUDA3"
	   GpusMemory (MB)      : 15647                       
	   Memory (MB)          :  2859        4000      4096 

	Job terminated of its own accord at 2022-05-04T11:34:49Z.
...
