000 (165613.006.000) 2022-05-04 11:50:20 Job submitted from host: <131.227.81.72:9618?addrs=131.227.81.72-9618&alias=condor.eps.surrey.ac.uk&noUDP&sock=schedd_2762_14ab>
...
040 (165613.006.000) 2022-05-04 12:34:58 Finished transferring input files
...
001 (165613.006.000) 2022-05-04 12:34:59 Job executing on host: <131.227.80.96:9618?addrs=131.227.80.96-9618&alias=cvsspgpu02.eps.surrey.ac.uk&noUDP&sock=startd_3837_70fa>
...
006 (165613.006.000) 2022-05-04 12:35:08 Image size of job updated: 4500
	182  -  MemoryUsage of job (MB)
	187388  -  ResidentSetSize of job (KB)
...
006 (165613.006.000) 2022-05-04 12:40:08 Image size of job updated: 4500
	2859  -  MemoryUsage of job (MB)
	2927708  -  ResidentSetSize of job (KB)
...
006 (165613.006.000) 2022-05-04 12:45:09 Image size of job updated: 4500
	2867  -  MemoryUsage of job (MB)
	2936640  -  ResidentSetSize of job (KB)
...
006 (165613.006.000) 2022-05-04 12:48:00 Image size of job updated: 4500
	2876  -  MemoryUsage of job (MB)
	2945064  -  ResidentSetSize of job (KB)
...
040 (165613.006.000) 2022-05-04 12:48:00 Started transferring output files
...
040 (165613.006.000) 2022-05-04 12:48:00 Finished transferring output files
...
005 (165613.006.000) 2022-05-04 12:48:00 Job terminated.
	(1) Normal termination (return value 0)
		Usr 0 00:13:27, Sys 0 00:01:10  -  Run Remote Usage
		Usr 0 00:00:00, Sys 0 00:00:00  -  Run Local Usage
		Usr 0 00:13:27, Sys 0 00:01:10  -  Total Remote Usage
		Usr 0 00:00:00, Sys 0 00:00:00  -  Total Local Usage
	192472  -  Run Bytes Sent By Job
	0  -  Run Bytes Received By Job
	192472  -  Total Bytes Sent By Job
	0  -  Total Bytes Received By Job
	Partitionable Resources :    Usage  Request Allocated Assigned
	   Cpus                 :     0.01        4         4 
	   Disk (KB)            :   792        4500    129588 
	   Gpus (Average)       :                 1         1 "CUDA3"
	   GpusMemory (MB)      : 15647                       
	   Memory (MB)          :  2876        4000      4096 

	Job terminated of its own accord at 2022-05-04T11:48:00Z.
...
