000 (165613.000.000) 2022-05-04 11:50:20 Job submitted from host: <131.227.81.72:9618?addrs=131.227.81.72-9618&alias=condor.eps.surrey.ac.uk&noUDP&sock=schedd_2762_14ab>
...
040 (165613.000.000) 2022-05-04 12:09:29 Finished transferring input files
...
001 (165613.000.000) 2022-05-04 12:09:30 Job executing on host: <131.227.80.29:9618?addrs=131.227.80.29-9618&alias=elenwe.eps.surrey.ac.uk&noUDP&sock=startd_2141_205b>
...
006 (165613.000.000) 2022-05-04 12:09:38 Image size of job updated: 4500
	165  -  MemoryUsage of job (MB)
	169144  -  ResidentSetSize of job (KB)
...
006 (165613.000.000) 2022-05-04 12:14:39 Image size of job updated: 4500
	2018  -  MemoryUsage of job (MB)
	2066512  -  ResidentSetSize of job (KB)
...
006 (165613.000.000) 2022-05-04 12:19:40 Image size of job updated: 4500
	2027  -  MemoryUsage of job (MB)
	2075840  -  ResidentSetSize of job (KB)
...
006 (165613.000.000) 2022-05-04 12:24:23 Image size of job updated: 4500
	2035  -  MemoryUsage of job (MB)
	2084584  -  ResidentSetSize of job (KB)
...
040 (165613.000.000) 2022-05-04 12:24:23 Started transferring output files
...
040 (165613.000.000) 2022-05-04 12:24:23 Finished transferring output files
...
005 (165613.000.000) 2022-05-04 12:24:23 Job terminated.
	(1) Normal termination (return value 0)
		Usr 0 00:15:36, Sys 0 00:01:18  -  Run Remote Usage
		Usr 0 00:00:00, Sys 0 00:00:00  -  Run Local Usage
		Usr 0 00:15:36, Sys 0 00:01:18  -  Total Remote Usage
		Usr 0 00:00:00, Sys 0 00:00:00  -  Total Local Usage
	192471  -  Run Bytes Sent By Job
	0  -  Run Bytes Received By Job
	192471  -  Total Bytes Sent By Job
	0  -  Total Bytes Received By Job
	Partitionable Resources :    Usage  Request Allocated Assigned
	   Cpus                 :     0.00        4         4 
	   Disk (KB)            :   792        4500    133051 
	   Gpus (Average)       :                 1         1 "CUDA1"
	   Memory (MB)          :  2035        4000      4096 

	Job terminated of its own accord at 2022-05-04T11:24:23Z.
...
