000 (165613.007.000) 2022-05-04 11:50:20 Job submitted from host: <131.227.81.72:9618?addrs=131.227.81.72-9618&alias=condor.eps.surrey.ac.uk&noUDP&sock=schedd_2762_14ab>
...
040 (165613.007.000) 2022-05-04 12:35:58 Finished transferring input files
...
001 (165613.007.000) 2022-05-04 12:35:59 Job executing on host: <131.227.80.96:9618?addrs=131.227.80.96-9618&alias=cvsspgpu02.eps.surrey.ac.uk&noUDP&sock=startd_3837_70fa>
...
006 (165613.007.000) 2022-05-04 12:36:08 Image size of job updated: 4500
	188  -  MemoryUsage of job (MB)
	192776  -  ResidentSetSize of job (KB)
...
006 (165613.007.000) 2022-05-04 12:41:09 Image size of job updated: 4500
	2858  -  MemoryUsage of job (MB)
	2927544  -  ResidentSetSize of job (KB)
...
006 (165613.007.000) 2022-05-04 12:46:10 Image size of job updated: 4500
	2869  -  MemoryUsage of job (MB)
	2938048  -  ResidentSetSize of job (KB)
...
006 (165613.007.000) 2022-05-04 12:49:27 Image size of job updated: 4500
	2875  -  MemoryUsage of job (MB)
	2944268  -  ResidentSetSize of job (KB)
...
040 (165613.007.000) 2022-05-04 12:49:27 Started transferring output files
...
040 (165613.007.000) 2022-05-04 12:49:27 Finished transferring output files
...
005 (165613.007.000) 2022-05-04 12:49:28 Job terminated.
	(1) Normal termination (return value 0)
		Usr 0 00:13:53, Sys 0 00:01:16  -  Run Remote Usage
		Usr 0 00:00:00, Sys 0 00:00:00  -  Run Local Usage
		Usr 0 00:13:53, Sys 0 00:01:16  -  Total Remote Usage
		Usr 0 00:00:00, Sys 0 00:00:00  -  Total Local Usage
	192454  -  Run Bytes Sent By Job
	0  -  Run Bytes Received By Job
	192454  -  Total Bytes Sent By Job
	0  -  Total Bytes Received By Job
	Partitionable Resources :    Usage  Request Allocated Assigned
	   Cpus                 :     0.00        4         4 
	   Disk (KB)            :   792        4500    129588 
	   Gpus (Average)       :                 1         1 "CUDA1"
	   GpusMemory (MB)      : 15647                       
	   Memory (MB)          :  2875        4000      4096 

	Job terminated of its own accord at 2022-05-04T11:49:27Z.
...
