000 (165610.002.000) 2022-05-04 11:26:55 Job submitted from host: <131.227.81.72:9618?addrs=131.227.81.72-9618&alias=condor.eps.surrey.ac.uk&noUDP&sock=schedd_2762_14ab>
...
040 (165610.002.000) 2022-05-04 11:28:56 Finished transferring input files
...
001 (165610.002.000) 2022-05-04 11:28:57 Job executing on host: <131.227.80.95:9618?addrs=131.227.80.95-9618&alias=cvsspgpu01.eps.surrey.ac.uk&noUDP&sock=startd_3671_9442>
...
006 (165610.002.000) 2022-05-04 11:29:07 Image size of job updated: 4500
	27  -  MemoryUsage of job (MB)
	28276  -  ResidentSetSize of job (KB)
...
006 (165610.002.000) 2022-05-04 11:29:37 Image size of job updated: 4500
	1345  -  MemoryUsage of job (MB)
	1377388  -  ResidentSetSize of job (KB)
...
040 (165610.002.000) 2022-05-04 11:29:37 Started transferring output files
...
040 (165610.002.000) 2022-05-04 11:29:37 Finished transferring output files
...
005 (165610.002.000) 2022-05-04 11:29:37 Job terminated.
	(1) Normal termination (return value 1)
		Usr 0 00:00:11, Sys 0 00:00:03  -  Run Remote Usage
		Usr 0 00:00:00, Sys 0 00:00:00  -  Run Local Usage
		Usr 0 00:00:11, Sys 0 00:00:03  -  Total Remote Usage
		Usr 0 00:00:00, Sys 0 00:00:00  -  Total Local Usage
	4024  -  Run Bytes Sent By Job
	0  -  Run Bytes Received By Job
	4024  -  Total Bytes Sent By Job
	0  -  Total Bytes Received By Job
	Partitionable Resources :    Usage  Request Allocated Assigned
	   Cpus                 :        0        4         4 
	   Disk (KB)            :       76     4500    129583 
	   Gpus (Average)       :                 1         1 "CUDA3"
	   Memory (MB)          :     1345     4000      4096 

	Job terminated of its own accord at 2022-05-04T10:29:37Z.
...
